[23-Jan-2017 17:07:16 UTC] PHP Parse error:  syntax error, unexpected '<' in /home/ubuntu/workspace/blog/curs9-php/index.php on line 13
[23-Jan-2017 17:20:12 UTC] PHP Parse error:  syntax error, unexpected '"<br>"' (T_CONSTANT_ENCAPSED_STRING), expecting ',' or ';' in /home/ubuntu/workspace/blog/curs9-php/index.php on line 25
[23-Jan-2017 17:20:16 UTC] PHP Parse error:  syntax error, unexpected '"<br>"' (T_CONSTANT_ENCAPSED_STRING), expecting ',' or ';' in /home/ubuntu/workspace/blog/curs9-php/index.php on line 25
[23-Jan-2017 18:36:38 UTC] PHP Parse error:  syntax error, unexpected ';', expecting ')' in /home/ubuntu/workspace/blog/curs9-php/index.php on line 107
[25-Jan-2017 16:45:35 UTC] PHP Parse error:  syntax error, unexpected '<' in /home/ubuntu/workspace/blog/curs10-php/index.php on line 3
[25-Jan-2017 16:45:38 UTC] PHP Parse error:  syntax error, unexpected '<' in /home/ubuntu/workspace/blog/curs10-php/index.php on line 3
[25-Jan-2017 18:56:45 UTC] PHP Parse error:  syntax error, unexpected ';' in /home/ubuntu/workspace/blog/curs10-php/arrays.php on line 62
[25-Jan-2017 18:56:47 UTC] PHP Parse error:  syntax error, unexpected ';' in /home/ubuntu/workspace/blog/curs10-php/arrays.php on line 62
[01-Feb-2017 17:04:33 UTC] PHP Notice:  Undefined index: count in /home/ubuntu/workspace/blog/curs12-php-Session/index.php on line 24
[01-Feb-2017 17:04:33 UTC] PHP Stack trace:
[01-Feb-2017 17:04:33 UTC] PHP   1. {main}() /home/ubuntu/workspace/blog/curs12-php-Session/index.php:0
[01-Feb-2017 17:05:25 UTC] PHP Notice:  Undefined index: count in /home/ubuntu/workspace/blog/curs12-php-Session/index.php on line 24
[01-Feb-2017 17:05:25 UTC] PHP Stack trace:
[01-Feb-2017 17:05:25 UTC] PHP   1. {main}() /home/ubuntu/workspace/blog/curs12-php-Session/index.php:0
[01-Feb-2017 17:05:27 UTC] PHP Notice:  Undefined index: count in /home/ubuntu/workspace/blog/curs12-php-Session/index.php on line 24
[01-Feb-2017 17:05:27 UTC] PHP Stack trace:
[01-Feb-2017 17:05:27 UTC] PHP   1. {main}() /home/ubuntu/workspace/blog/curs12-php-Session/index.php:0
[01-Feb-2017 17:05:50 UTC] PHP Notice:  Undefined index: count in /home/ubuntu/workspace/blog/curs12-php-Session/index.php on line 25
[01-Feb-2017 17:05:50 UTC] PHP Stack trace:
[01-Feb-2017 17:05:50 UTC] PHP   1. {main}() /home/ubuntu/workspace/blog/curs12-php-Session/index.php:0
[01-Feb-2017 17:05:52 UTC] PHP Notice:  Undefined index: count in /home/ubuntu/workspace/blog/curs12-php-Session/index.php on line 25
[01-Feb-2017 17:05:52 UTC] PHP Stack trace:
[01-Feb-2017 17:05:52 UTC] PHP   1. {main}() /home/ubuntu/workspace/blog/curs12-php-Session/index.php:0
[01-Feb-2017 17:05:53 UTC] PHP Notice:  Undefined index: count in /home/ubuntu/workspace/blog/curs12-php-Session/index.php on line 25
[01-Feb-2017 17:05:53 UTC] PHP Stack trace:
[01-Feb-2017 17:05:53 UTC] PHP   1. {main}() /home/ubuntu/workspace/blog/curs12-php-Session/index.php:0
[01-Feb-2017 17:10:14 UTC] PHP Notice:  Undefined index: count in /home/ubuntu/workspace/blog/curs12-php-Session/index.php on line 25
[01-Feb-2017 17:10:14 UTC] PHP Stack trace:
[01-Feb-2017 17:10:14 UTC] PHP   1. {main}() /home/ubuntu/workspace/blog/curs12-php-Session/index.php:0
[01-Feb-2017 17:45:27 UTC] PHP Parse error:  syntax error, unexpected '{' in /home/ubuntu/workspace/blog/curs12-php-Session/create.php on line 18
[01-Feb-2017 18:34:34 UTC] PHP Warning:  Missing argument 1 for readUser(), called in /home/ubuntu/workspace/blog/curs12-php-Session/login.php on line 16 and defined in /home/ubuntu/workspace/blog/curs12-php-Session/login.php on line 5
[01-Feb-2017 18:34:34 UTC] PHP Stack trace:
[01-Feb-2017 18:34:34 UTC] PHP   1. {main}() /home/ubuntu/workspace/blog/curs12-php-Session/login.php:0
[01-Feb-2017 18:34:34 UTC] PHP   2. readUser() /home/ubuntu/workspace/blog/curs12-php-Session/login.php:16
[01-Feb-2017 18:34:34 UTC] PHP Warning:  Missing argument 2 for readUser(), called in /home/ubuntu/workspace/blog/curs12-php-Session/login.php on line 16 and defined in /home/ubuntu/workspace/blog/curs12-php-Session/login.php on line 5
[01-Feb-2017 18:34:34 UTC] PHP Stack trace:
[01-Feb-2017 18:34:34 UTC] PHP   1. {main}() /home/ubuntu/workspace/blog/curs12-php-Session/login.php:0
[01-Feb-2017 18:34:34 UTC] PHP   2. readUser() /home/ubuntu/workspace/blog/curs12-php-Session/login.php:16
[01-Feb-2017 18:51:35 UTC] PHP Notice:  Undefined index: pass in /home/ubuntu/workspace/blog/curs12-php-Session/login.php on line 33
[01-Feb-2017 18:51:35 UTC] PHP Stack trace:
[01-Feb-2017 18:51:35 UTC] PHP   1. {main}() /home/ubuntu/workspace/blog/curs12-php-Session/login.php:0
[01-Feb-2017 18:51:35 UTC] PHP Notice:  Undefined variable: email in /home/ubuntu/workspace/blog/curs12-php-Session/login.php on line 12
[01-Feb-2017 18:51:35 UTC] PHP Stack trace:
[01-Feb-2017 18:51:35 UTC] PHP   1. {main}() /home/ubuntu/workspace/blog/curs12-php-Session/login.php:0
[01-Feb-2017 18:51:35 UTC] PHP   2. readUser() /home/ubuntu/workspace/blog/curs12-php-Session/login.php:35
[01-Feb-2017 18:51:52 UTC] PHP Notice:  Undefined index: pass in /home/ubuntu/workspace/blog/curs12-php-Session/login.php on line 33
[01-Feb-2017 18:51:52 UTC] PHP Stack trace:
[01-Feb-2017 18:51:52 UTC] PHP   1. {main}() /home/ubuntu/workspace/blog/curs12-php-Session/login.php:0
[01-Feb-2017 18:51:52 UTC] PHP Notice:  Undefined variable: email in /home/ubuntu/workspace/blog/curs12-php-Session/login.php on line 12
[01-Feb-2017 18:51:52 UTC] PHP Stack trace:
[01-Feb-2017 18:51:52 UTC] PHP   1. {main}() /home/ubuntu/workspace/blog/curs12-php-Session/login.php:0
[01-Feb-2017 18:51:52 UTC] PHP   2. readUser() /home/ubuntu/workspace/blog/curs12-php-Session/login.php:35
[01-Feb-2017 18:53:18 UTC] PHP Notice:  Undefined index: pass in /home/ubuntu/workspace/blog/curs12-php-Session/login.php on line 33
[01-Feb-2017 18:53:18 UTC] PHP Stack trace:
[01-Feb-2017 18:53:18 UTC] PHP   1. {main}() /home/ubuntu/workspace/blog/curs12-php-Session/login.php:0
[01-Feb-2017 18:53:18 UTC] PHP Notice:  Undefined variable: email in /home/ubuntu/workspace/blog/curs12-php-Session/login.php on line 12
[01-Feb-2017 18:53:18 UTC] PHP Stack trace:
[01-Feb-2017 18:53:18 UTC] PHP   1. {main}() /home/ubuntu/workspace/blog/curs12-php-Session/login.php:0
[01-Feb-2017 18:53:18 UTC] PHP   2. readUser() /home/ubuntu/workspace/blog/curs12-php-Session/login.php:35
[01-Feb-2017 18:54:34 UTC] PHP Notice:  Undefined index: pass in /home/ubuntu/workspace/blog/curs12-php-Session/login.php on line 33
[01-Feb-2017 18:54:34 UTC] PHP Stack trace:
[01-Feb-2017 18:54:34 UTC] PHP   1. {main}() /home/ubuntu/workspace/blog/curs12-php-Session/login.php:0
[01-Feb-2017 18:54:34 UTC] PHP Notice:  Undefined variable: email in /home/ubuntu/workspace/blog/curs12-php-Session/login.php on line 12
[01-Feb-2017 18:54:34 UTC] PHP Stack trace:
[01-Feb-2017 18:54:34 UTC] PHP   1. {main}() /home/ubuntu/workspace/blog/curs12-php-Session/login.php:0
[01-Feb-2017 18:54:34 UTC] PHP   2. readUser() /home/ubuntu/workspace/blog/curs12-php-Session/login.php:35
[01-Feb-2017 18:56:15 UTC] PHP Notice:  Undefined variable: email in /home/ubuntu/workspace/blog/curs12-php-Session/login.php on line 12
[01-Feb-2017 18:56:15 UTC] PHP Stack trace:
[01-Feb-2017 18:56:15 UTC] PHP   1. {main}() /home/ubuntu/workspace/blog/curs12-php-Session/login.php:0
[01-Feb-2017 18:56:15 UTC] PHP   2. readUser() /home/ubuntu/workspace/blog/curs12-php-Session/login.php:35
[01-Feb-2017 21:26:34 UTC] PHP Warning:  Unterminated comment starting line 18 in /home/ubuntu/workspace/blog/curs12-php-Session/create.php on line 18
[01-Feb-2017 21:26:34 UTC] PHP Parse error:  syntax error, unexpected end of file in /home/ubuntu/workspace/blog/curs12-php-Session/create.php on line 60
[01-Feb-2017 21:27:02 UTC] PHP Parse error:  syntax error, unexpected end of file in /home/ubuntu/workspace/blog/curs12-php-Session/create.php on line 60
[01-Feb-2017 21:31:07 UTC] PHP Warning:  Unterminated comment starting line 18 in /home/ubuntu/workspace/blog/curs12-php-Session/create.php on line 18
[01-Feb-2017 21:31:07 UTC] PHP Parse error:  syntax error, unexpected end of file in /home/ubuntu/workspace/blog/curs12-php-Session/create.php on line 61
[06-Feb-2017 16:40:36 UTC] PHP Notice:  Undefined index: count in /home/ubuntu/workspace/blog/curs12-php-Session/index.php on line 25
[06-Feb-2017 16:40:36 UTC] PHP Stack trace:
[06-Feb-2017 16:40:36 UTC] PHP   1. {main}() /home/ubuntu/workspace/blog/curs12-php-Session/index.php:0
[06-Feb-2017 16:41:27 UTC] PHP Notice:  Undefined index: count in /home/ubuntu/workspace/blog/curs12-php-Session/index.php on line 25
[06-Feb-2017 16:41:27 UTC] PHP Stack trace:
[06-Feb-2017 16:41:27 UTC] PHP   1. {main}() /home/ubuntu/workspace/blog/curs12-php-Session/index.php:0
[06-Feb-2017 16:41:30 UTC] PHP Notice:  Undefined index: count in /home/ubuntu/workspace/blog/curs12-php-Session/index.php on line 25
[06-Feb-2017 16:41:30 UTC] PHP Stack trace:
[06-Feb-2017 16:41:30 UTC] PHP   1. {main}() /home/ubuntu/workspace/blog/curs12-php-Session/index.php:0
[06-Feb-2017 16:41:32 UTC] PHP Notice:  Undefined index: count in /home/ubuntu/workspace/blog/curs12-php-Session/index.php on line 25
[06-Feb-2017 16:41:32 UTC] PHP Stack trace:
[06-Feb-2017 16:41:32 UTC] PHP   1. {main}() /home/ubuntu/workspace/blog/curs12-php-Session/index.php:0
[06-Feb-2017 16:41:33 UTC] PHP Notice:  Undefined index: count in /home/ubuntu/workspace/blog/curs12-php-Session/index.php on line 25
[06-Feb-2017 16:41:33 UTC] PHP Stack trace:
[06-Feb-2017 16:41:33 UTC] PHP   1. {main}() /home/ubuntu/workspace/blog/curs12-php-Session/index.php:0
[06-Feb-2017 16:41:34 UTC] PHP Notice:  Undefined index: count in /home/ubuntu/workspace/blog/curs12-php-Session/index.php on line 25
[06-Feb-2017 16:41:34 UTC] PHP Stack trace:
[06-Feb-2017 16:41:34 UTC] PHP   1. {main}() /home/ubuntu/workspace/blog/curs12-php-Session/index.php:0
[06-Feb-2017 16:41:34 UTC] PHP Notice:  Undefined index: count in /home/ubuntu/workspace/blog/curs12-php-Session/index.php on line 25
[06-Feb-2017 16:41:34 UTC] PHP Stack trace:
[06-Feb-2017 16:41:34 UTC] PHP   1. {main}() /home/ubuntu/workspace/blog/curs12-php-Session/index.php:0
[06-Feb-2017 16:41:35 UTC] PHP Notice:  Undefined index: count in /home/ubuntu/workspace/blog/curs12-php-Session/index.php on line 25
[06-Feb-2017 16:41:35 UTC] PHP Stack trace:
[06-Feb-2017 16:41:35 UTC] PHP   1. {main}() /home/ubuntu/workspace/blog/curs12-php-Session/index.php:0
[06-Feb-2017 16:58:37 UTC] PHP Notice:  Undefined index: count in /home/ubuntu/workspace/blog/curs12-php-Session/index.php on line 25
[06-Feb-2017 16:58:37 UTC] PHP Stack trace:
[06-Feb-2017 16:58:37 UTC] PHP   1. {main}() /home/ubuntu/workspace/blog/curs12-php-Session/index.php:0
[06-Feb-2017 18:15:33 UTC] PHP Fatal error:  Cannot access private property Human::$age in /home/ubuntu/workspace/blog/curs13-php-OOP/index.php on line 26
[06-Feb-2017 18:15:33 UTC] PHP Stack trace:
[06-Feb-2017 18:15:33 UTC] PHP   1. {main}() /home/ubuntu/workspace/blog/curs13-php-OOP/index.php:0
[06-Feb-2017 18:51:40 UTC] PHP Parse error:  syntax error, unexpected 'model' (T_STRING), expecting variable (T_VARIABLE) in /home/ubuntu/workspace/blog/curs13-php-OOP/index.php on line 65
[08-Feb-2017 16:41:33 UTC] PHP Warning:  Missing argument 1 for Human::__construct(), called in /home/ubuntu/workspace/blog/curs14-php-OOP/index.php on line 5 and defined in /home/ubuntu/workspace/blog/curs14-php-OOP/Human.php on line 11
[08-Feb-2017 16:41:33 UTC] PHP Stack trace:
[08-Feb-2017 16:41:33 UTC] PHP   1. {main}() /home/ubuntu/workspace/blog/curs14-php-OOP/index.php:0
[08-Feb-2017 16:41:33 UTC] PHP   2. Human->__construct() /home/ubuntu/workspace/blog/curs14-php-OOP/index.php:5
[08-Feb-2017 16:41:33 UTC] PHP Warning:  Wrong parameter count for var_dump() in /home/ubuntu/workspace/blog/curs14-php-OOP/index.php on line 6
[08-Feb-2017 16:41:33 UTC] PHP Stack trace:
[08-Feb-2017 16:41:33 UTC] PHP   1. {main}() /home/ubuntu/workspace/blog/curs14-php-OOP/index.php:0
[08-Feb-2017 16:41:33 UTC] PHP   2. var_dump() /home/ubuntu/workspace/blog/curs14-php-OOP/index.php:6
[08-Feb-2017 16:41:35 UTC] PHP Warning:  Missing argument 1 for Human::__construct(), called in /home/ubuntu/workspace/blog/curs14-php-OOP/index.php on line 5 and defined in /home/ubuntu/workspace/blog/curs14-php-OOP/Human.php on line 11
[08-Feb-2017 16:41:35 UTC] PHP Stack trace:
[08-Feb-2017 16:41:35 UTC] PHP   1. {main}() /home/ubuntu/workspace/blog/curs14-php-OOP/index.php:0
[08-Feb-2017 16:41:35 UTC] PHP   2. Human->__construct() /home/ubuntu/workspace/blog/curs14-php-OOP/index.php:5
[08-Feb-2017 16:41:35 UTC] PHP Warning:  Wrong parameter count for var_dump() in /home/ubuntu/workspace/blog/curs14-php-OOP/index.php on line 6
[08-Feb-2017 16:41:35 UTC] PHP Stack trace:
[08-Feb-2017 16:41:35 UTC] PHP   1. {main}() /home/ubuntu/workspace/blog/curs14-php-OOP/index.php:0
[08-Feb-2017 16:41:35 UTC] PHP   2. var_dump() /home/ubuntu/workspace/blog/curs14-php-OOP/index.php:6
[08-Feb-2017 16:41:48 UTC] PHP Warning:  Missing argument 1 for Human::__construct(), called in /home/ubuntu/workspace/blog/curs14-php-OOP/index.php on line 5 and defined in /home/ubuntu/workspace/blog/curs14-php-OOP/Human.php on line 11
[08-Feb-2017 16:41:48 UTC] PHP Stack trace:
[08-Feb-2017 16:41:48 UTC] PHP   1. {main}() /home/ubuntu/workspace/blog/curs14-php-OOP/index.php:0
[08-Feb-2017 16:41:48 UTC] PHP   2. Human->__construct() /home/ubuntu/workspace/blog/curs14-php-OOP/index.php:5
[08-Feb-2017 16:57:21 UTC] PHP Fatal error:  Cannot redeclare class Life in /home/ubuntu/workspace/blog/curs14-php-OOP/Life.php on line 3
[08-Feb-2017 16:57:21 UTC] PHP Stack trace:
[08-Feb-2017 16:57:21 UTC] PHP   1. {main}() /home/ubuntu/workspace/blog/curs14-php-OOP/index.php:0
[08-Feb-2017 16:57:21 UTC] PHP   2. require() /home/ubuntu/workspace/blog/curs14-php-OOP/index.php:4
[08-Feb-2017 17:07:53 UTC] PHP Notice:  Undefined property: Human::$age in /home/ubuntu/workspace/blog/curs14-php-OOP/Human.php on line 30
[08-Feb-2017 17:07:53 UTC] PHP Stack trace:
[08-Feb-2017 17:07:53 UTC] PHP   1. {main}() /home/ubuntu/workspace/blog/curs14-php-OOP/index.php:0
[08-Feb-2017 17:07:53 UTC] PHP   2. Human->getAge() /home/ubuntu/workspace/blog/curs14-php-OOP/index.php:13
[08-Feb-2017 17:08:46 UTC] PHP Notice:  Undefined property: Human::$age in /home/ubuntu/workspace/blog/curs14-php-OOP/Human.php on line 30
[08-Feb-2017 17:08:46 UTC] PHP Stack trace:
[08-Feb-2017 17:08:46 UTC] PHP   1. {main}() /home/ubuntu/workspace/blog/curs14-php-OOP/index.php:0
[08-Feb-2017 17:08:46 UTC] PHP   2. Human->getAge() /home/ubuntu/workspace/blog/curs14-php-OOP/index.php:13
[08-Feb-2017 17:09:09 UTC] PHP Notice:  Undefined property: Human::$age in /home/ubuntu/workspace/blog/curs14-php-OOP/Human.php on line 30
[08-Feb-2017 17:09:09 UTC] PHP Stack trace:
[08-Feb-2017 17:09:09 UTC] PHP   1. {main}() /home/ubuntu/workspace/blog/curs14-php-OOP/index.php:0
[08-Feb-2017 17:09:09 UTC] PHP   2. Human->getAge() /home/ubuntu/workspace/blog/curs14-php-OOP/index.php:13
[08-Feb-2017 17:10:29 UTC] PHP Notice:  Undefined property: Human::$age in /home/ubuntu/workspace/blog/curs14-php-OOP/Human.php on line 30
[08-Feb-2017 17:10:29 UTC] PHP Stack trace:
[08-Feb-2017 17:10:29 UTC] PHP   1. {main}() /home/ubuntu/workspace/blog/curs14-php-OOP/index.php:0
[08-Feb-2017 17:10:29 UTC] PHP   2. Human->getAge() /home/ubuntu/workspace/blog/curs14-php-OOP/index.php:13
[08-Feb-2017 17:17:32 UTC] PHP Warning:  Missing argument 1 for Life::__construct(), called in /home/ubuntu/workspace/blog/curs14-php-OOP/index.php on line 11 and defined in /home/ubuntu/workspace/blog/curs14-php-OOP/Life.php on line 9
[08-Feb-2017 17:17:32 UTC] PHP Stack trace:
[08-Feb-2017 17:17:32 UTC] PHP   1. {main}() /home/ubuntu/workspace/blog/curs14-php-OOP/index.php:0
[08-Feb-2017 17:17:32 UTC] PHP   2. Life->__construct() /home/ubuntu/workspace/blog/curs14-php-OOP/index.php:11
[08-Feb-2017 17:17:32 UTC] PHP Notice:  Undefined variable: gender in /home/ubuntu/workspace/blog/curs14-php-OOP/Life.php on line 11
[08-Feb-2017 17:17:32 UTC] PHP Stack trace:
[08-Feb-2017 17:17:32 UTC] PHP   1. {main}() /home/ubuntu/workspace/blog/curs14-php-OOP/index.php:0
[08-Feb-2017 17:17:32 UTC] PHP   2. Life->__construct() /home/ubuntu/workspace/blog/curs14-php-OOP/index.php:11
[08-Feb-2017 18:30:22 UTC] PHP Notice:  Undefined index: count in /home/ubuntu/workspace/blog/curs12-php-Session/index.php on line 25
[08-Feb-2017 18:30:22 UTC] PHP Stack trace:
[08-Feb-2017 18:30:22 UTC] PHP   1. {main}() /home/ubuntu/workspace/blog/curs12-php-Session/index.php:0
[08-Feb-2017 18:30:42 UTC] PHP Notice:  Undefined index: count in /home/ubuntu/workspace/blog/curs12-php-Session/index.php on line 25
[08-Feb-2017 18:30:42 UTC] PHP Stack trace:
[08-Feb-2017 18:30:42 UTC] PHP   1. {main}() /home/ubuntu/workspace/blog/curs12-php-Session/index.php:0
[27-Feb-2017 18:51:26 UTC] PHP Warning:  require(../configs/config.php): failed to open stream: No such file or directory in /home/ubuntu/workspace/blog/curs19-php-API/app/models/DB.php on line 3
[27-Feb-2017 18:51:26 UTC] PHP Stack trace:
[27-Feb-2017 18:51:26 UTC] PHP   1. {main}() /home/ubuntu/workspace/blog/curs19-php-API/index.php:0
[27-Feb-2017 18:51:26 UTC] PHP   2. require() /home/ubuntu/workspace/blog/curs19-php-API/index.php:3
[27-Feb-2017 18:51:26 UTC] PHP   3. require_once() /home/ubuntu/workspace/blog/curs19-php-API/app/models/Articles.php:3
[27-Feb-2017 18:51:26 UTC] PHP Fatal error:  require(): Failed opening required '../configs/config.php' (include_path='.:/usr/share/php:/usr/share/pear') in /home/ubuntu/workspace/blog/curs19-php-API/app/models/DB.php on line 3
[27-Feb-2017 18:51:26 UTC] PHP Stack trace:
[27-Feb-2017 18:51:26 UTC] PHP   1. {main}() /home/ubuntu/workspace/blog/curs19-php-API/index.php:0
[27-Feb-2017 18:51:26 UTC] PHP   2. require() /home/ubuntu/workspace/blog/curs19-php-API/index.php:3
[27-Feb-2017 18:51:26 UTC] PHP   3. require_once() /home/ubuntu/workspace/blog/curs19-php-API/app/models/Articles.php:3
[27-Feb-2017 18:59:08 UTC] PHP Notice:  Undefined property: Articles::$dbh in /home/ubuntu/workspace/blog/curs19-php-API/app/models/Articles.php on line 11
[27-Feb-2017 18:59:08 UTC] PHP Stack trace:
[27-Feb-2017 18:59:08 UTC] PHP   1. {main}() /home/ubuntu/workspace/blog/curs19-php-API/index.php:0
[27-Feb-2017 18:59:08 UTC] PHP   2. Articles->getAll() /home/ubuntu/workspace/blog/curs19-php-API/index.php:10
[27-Feb-2017 18:59:08 UTC] PHP Fatal error:  Call to a member function prepare() on a non-object in /home/ubuntu/workspace/blog/curs19-php-API/app/models/Articles.php on line 11
[27-Feb-2017 18:59:08 UTC] PHP Stack trace:
[27-Feb-2017 18:59:08 UTC] PHP   1. {main}() /home/ubuntu/workspace/blog/curs19-php-API/index.php:0
[27-Feb-2017 18:59:08 UTC] PHP   2. Articles->getAll() /home/ubuntu/workspace/blog/curs19-php-API/index.php:10
[27-Feb-2017 18:59:32 UTC] PHP Notice:  Undefined property: Articles::$dbh in /home/ubuntu/workspace/blog/curs19-php-API/app/models/Articles.php on line 11
[27-Feb-2017 18:59:32 UTC] PHP Stack trace:
[27-Feb-2017 18:59:32 UTC] PHP   1. {main}() /home/ubuntu/workspace/blog/curs19-php-API/index.php:0
[27-Feb-2017 18:59:32 UTC] PHP   2. Articles->getAll() /home/ubuntu/workspace/blog/curs19-php-API/index.php:10
[27-Feb-2017 18:59:32 UTC] PHP Fatal error:  Call to a member function prepare() on a non-object in /home/ubuntu/workspace/blog/curs19-php-API/app/models/Articles.php on line 11
[27-Feb-2017 18:59:32 UTC] PHP Stack trace:
[27-Feb-2017 18:59:32 UTC] PHP   1. {main}() /home/ubuntu/workspace/blog/curs19-php-API/index.php:0
[27-Feb-2017 18:59:32 UTC] PHP   2. Articles->getAll() /home/ubuntu/workspace/blog/curs19-php-API/index.php:10
[27-Feb-2017 18:59:33 UTC] PHP Notice:  Undefined property: Articles::$dbh in /home/ubuntu/workspace/blog/curs19-php-API/app/models/Articles.php on line 11
[27-Feb-2017 18:59:33 UTC] PHP Stack trace:
[27-Feb-2017 18:59:33 UTC] PHP   1. {main}() /home/ubuntu/workspace/blog/curs19-php-API/index.php:0
[27-Feb-2017 18:59:33 UTC] PHP   2. Articles->getAll() /home/ubuntu/workspace/blog/curs19-php-API/index.php:10
[27-Feb-2017 18:59:33 UTC] PHP Fatal error:  Call to a member function prepare() on a non-object in /home/ubuntu/workspace/blog/curs19-php-API/app/models/Articles.php on line 11
[27-Feb-2017 18:59:33 UTC] PHP Stack trace:
[27-Feb-2017 18:59:33 UTC] PHP   1. {main}() /home/ubuntu/workspace/blog/curs19-php-API/index.php:0
[27-Feb-2017 18:59:33 UTC] PHP   2. Articles->getAll() /home/ubuntu/workspace/blog/curs19-php-API/index.php:10
[06-Mar-2017 09:24:13 UTC] PHP Fatal error:  Call to undefined function save_user() in /home/ubuntu/workspace/blog/curs18-php-PDO/signup.php on line 31
[06-Mar-2017 09:24:13 UTC] PHP Stack trace:
[06-Mar-2017 09:24:13 UTC] PHP   1. {main}() /home/ubuntu/workspace/blog/curs18-php-PDO/signup.php:0
[06-Mar-2017 09:24:47 UTC] PHP Fatal error:  Call to undefined function save_user() in /home/ubuntu/workspace/blog/curs18-php-PDO/signup.php on line 31
[06-Mar-2017 09:24:47 UTC] PHP Stack trace:
[06-Mar-2017 09:24:47 UTC] PHP   1. {main}() /home/ubuntu/workspace/blog/curs18-php-PDO/signup.php:0
[06-Mar-2017 09:27:26 UTC] PHP Fatal error:  Call to undefined function save_user() in /home/ubuntu/workspace/blog/curs18-php-PDO/signup.php on line 31
[06-Mar-2017 09:27:26 UTC] PHP Stack trace:
[06-Mar-2017 09:27:26 UTC] PHP   1. {main}() /home/ubuntu/workspace/blog/curs18-php-PDO/signup.php:0
[06-Mar-2017 09:27:50 UTC] PHP Fatal error:  Call to undefined function save_user() in /home/ubuntu/workspace/blog/curs18-php-PDO/signup.php on line 31
[06-Mar-2017 09:27:50 UTC] PHP Stack trace:
[06-Mar-2017 09:27:50 UTC] PHP   1. {main}() /home/ubuntu/workspace/blog/curs18-php-PDO/signup.php:0
[06-Mar-2017 09:28:50 UTC] PHP Fatal error:  Call to undefined function save_user() in /home/ubuntu/workspace/blog/curs18-php-PDO/signup.php on line 31
[06-Mar-2017 09:28:50 UTC] PHP Stack trace:
[06-Mar-2017 09:28:50 UTC] PHP   1. {main}() /home/ubuntu/workspace/blog/curs18-php-PDO/signup.php:0
[06-Mar-2017 14:08:58 UTC] PHP Parse error:  syntax error, unexpected end of file in /home/ubuntu/workspace/blog/curs18-php-PDO/config.php on line 51
[06-Mar-2017 14:08:58 UTC] PHP Stack trace:
[06-Mar-2017 14:08:58 UTC] PHP   1. {main}() /home/ubuntu/workspace/blog/curs18-php-PDO/index.php:0
[06-Mar-2017 14:09:18 UTC] PHP Parse error:  syntax error, unexpected end of file in /home/ubuntu/workspace/blog/curs18-php-PDO/config.php on line 50
[06-Mar-2017 14:09:18 UTC] PHP Stack trace:
[06-Mar-2017 14:09:18 UTC] PHP   1. {main}() /home/ubuntu/workspace/blog/curs18-php-PDO/index.php:0
[06-Mar-2017 18:02:56 UTC] PHP Fatal error:  Call to undefined method Comments::getAll() in /home/ubuntu/workspace/blog/curs21-php-API/index.php on line 12
[06-Mar-2017 18:02:56 UTC] PHP Stack trace:
[06-Mar-2017 18:02:56 UTC] PHP   1. {main}() /home/ubuntu/workspace/blog/curs21-php-API/index.php:0
[06-Mar-2017 18:07:59 UTC] PHP Fatal error:  Cannot redeclare class DB in /home/ubuntu/workspace/blog/curs21-php-API/app/models/DB.php on line 3
[06-Mar-2017 18:07:59 UTC] PHP Stack trace:
[06-Mar-2017 18:07:59 UTC] PHP   1. {main}() /home/ubuntu/workspace/blog/curs21-php-API/index.php:0
[06-Mar-2017 18:07:59 UTC] PHP   2. require() /home/ubuntu/workspace/blog/curs21-php-API/index.php:10
[06-Mar-2017 18:07:59 UTC] PHP   3. require() /home/ubuntu/workspace/blog/curs21-php-API/app/controllers/Comments.php:3
[06-Mar-2017 18:23:20 UTC] PHP Parse error:  syntax error, unexpected 'return' (T_RETURN) in /home/ubuntu/workspace/blog/curs21-php-API/app/models/CommentsModel.php on line 9
[06-Mar-2017 18:23:20 UTC] PHP Stack trace:
[06-Mar-2017 18:23:20 UTC] PHP   1. {main}() /home/ubuntu/workspace/blog/curs21-php-API/index.php:0
[06-Mar-2017 18:23:20 UTC] PHP   2. require() /home/ubuntu/workspace/blog/curs21-php-API/index.php:10
[06-Mar-2017 18:52:09 UTC] PHP Notice:  Undefined variable: dbh in /home/ubuntu/workspace/blog/curs21-php-API/app/models/ArticlesModel.php on line 17
[06-Mar-2017 18:52:09 UTC] PHP Stack trace:
[06-Mar-2017 18:52:09 UTC] PHP   1. {main}() /home/ubuntu/workspace/blog/curs21-php-API/index.php:0
[06-Mar-2017 18:52:09 UTC] PHP   2. Articles->createItem() /home/ubuntu/workspace/blog/curs21-php-API/index.php:12
[06-Mar-2017 18:52:09 UTC] PHP   3. ArticlesModel->insertItem() /home/ubuntu/workspace/blog/curs21-php-API/app/controllers/Articles.php:18
[06-Mar-2017 18:52:09 UTC] PHP Fatal error:  Call to a member function prepare() on a non-object in /home/ubuntu/workspace/blog/curs21-php-API/app/models/ArticlesModel.php on line 17
[06-Mar-2017 18:52:09 UTC] PHP Stack trace:
[06-Mar-2017 18:52:09 UTC] PHP   1. {main}() /home/ubuntu/workspace/blog/curs21-php-API/index.php:0
[06-Mar-2017 18:52:09 UTC] PHP   2. Articles->createItem() /home/ubuntu/workspace/blog/curs21-php-API/index.php:12
[06-Mar-2017 18:52:09 UTC] PHP   3. ArticlesModel->insertItem() /home/ubuntu/workspace/blog/curs21-php-API/app/controllers/Articles.php:18
[06-Mar-2017 18:58:08 UTC] PHP Notice:  Undefined index: user_id in /home/ubuntu/workspace/blog/curs21-php-API/app/models/ArticlesModel.php on line 21
[06-Mar-2017 18:58:08 UTC] PHP Stack trace:
[06-Mar-2017 18:58:08 UTC] PHP   1. {main}() /home/ubuntu/workspace/blog/curs21-php-API/index.php:0
[06-Mar-2017 18:58:08 UTC] PHP   2. Articles->createItem() /home/ubuntu/workspace/blog/curs21-php-API/index.php:12
[06-Mar-2017 18:58:08 UTC] PHP   3. ArticlesModel->insertItem() /home/ubuntu/workspace/blog/curs21-php-API/app/controllers/Articles.php:18
[06-Mar-2017 18:59:58 UTC] PHP Notice:  Undefined index: user_id in /home/ubuntu/workspace/blog/curs21-php-API/app/models/ArticlesModel.php on line 21
[06-Mar-2017 18:59:58 UTC] PHP Stack trace:
[06-Mar-2017 18:59:58 UTC] PHP   1. {main}() /home/ubuntu/workspace/blog/curs21-php-API/index.php:0
[06-Mar-2017 18:59:58 UTC] PHP   2. Articles->createItem() /home/ubuntu/workspace/blog/curs21-php-API/index.php:12
[06-Mar-2017 18:59:58 UTC] PHP   3. ArticlesModel->insertItem() /home/ubuntu/workspace/blog/curs21-php-API/app/controllers/Articles.php:18
[06-Mar-2017 19:00:42 UTC] PHP Notice:  Undefined index: user_id in /home/ubuntu/workspace/blog/curs21-php-API/app/models/ArticlesModel.php on line 21
[06-Mar-2017 19:00:42 UTC] PHP Stack trace:
[06-Mar-2017 19:00:42 UTC] PHP   1. {main}() /home/ubuntu/workspace/blog/curs21-php-API/index.php:0
[06-Mar-2017 19:00:42 UTC] PHP   2. Articles->createItem() /home/ubuntu/workspace/blog/curs21-php-API/index.php:12
[06-Mar-2017 19:00:42 UTC] PHP   3. ArticlesModel->insertItem() /home/ubuntu/workspace/blog/curs21-php-API/app/controllers/Articles.php:18
[08-Mar-2017 18:48:19 UTC] PHP Notice:  Undefined index: REDIRECT_URL in /home/ubuntu/workspace/blog/curs21-php-API/index.php on line 13
[08-Mar-2017 18:48:19 UTC] PHP Stack trace:
[08-Mar-2017 18:48:19 UTC] PHP   1. {main}() /home/ubuntu/workspace/blog/curs21-php-API/index.php:0
[08-Mar-2017 18:59:29 UTC] PHP Notice:  Undefined index: REDIRECT_URL in /home/ubuntu/workspace/blog/curs21-php-API/index.php on line 13
[08-Mar-2017 18:59:29 UTC] PHP Stack trace:
[08-Mar-2017 18:59:29 UTC] PHP   1. {main}() /home/ubuntu/workspace/blog/curs21-php-API/index.php:0
[09-Mar-2017 17:15:34 UTC] PHP Notice:  Undefined index: REDIRECT_URL in /home/ubuntu/workspace/blog/curs21-php-API/index.php on line 13
[09-Mar-2017 17:15:34 UTC] PHP Stack trace:
[09-Mar-2017 17:15:34 UTC] PHP   1. {main}() /home/ubuntu/workspace/blog/curs21-php-API/index.php:0
[09-Mar-2017 17:16:45 UTC] PHP Notice:  Undefined index: REDIRECT_URL in /home/ubuntu/workspace/blog/curs21-php-API/index.php on line 13
[09-Mar-2017 17:16:45 UTC] PHP Stack trace:
[09-Mar-2017 17:16:45 UTC] PHP   1. {main}() /home/ubuntu/workspace/blog/curs21-php-API/index.php:0
[09-Mar-2017 17:16:55 UTC] PHP Notice:  Undefined index: REDIRECT_URL in /home/ubuntu/workspace/blog/curs21-php-API/index.php on line 13
[09-Mar-2017 17:16:55 UTC] PHP Stack trace:
[09-Mar-2017 17:16:55 UTC] PHP   1. {main}() /home/ubuntu/workspace/blog/curs21-php-API/index.php:0
[09-Mar-2017 17:26:05 UTC] PHP Notice:  Undefined variable: routes in /home/ubuntu/workspace/blog/curs21-php-API/index.php on line 19
[09-Mar-2017 17:26:05 UTC] PHP Stack trace:
[09-Mar-2017 17:26:05 UTC] PHP   1. {main}() /home/ubuntu/workspace/blog/curs21-php-API/index.php:0
[09-Mar-2017 17:26:05 UTC] PHP Notice:  Undefined variable: routes in /home/ubuntu/workspace/blog/curs21-php-API/index.php on line 20
[09-Mar-2017 17:26:05 UTC] PHP Stack trace:
[09-Mar-2017 17:26:05 UTC] PHP   1. {main}() /home/ubuntu/workspace/blog/curs21-php-API/index.php:0
[09-Mar-2017 17:26:05 UTC] PHP Warning:  array_key_exists() expects parameter 2 to be array, null given in /home/ubuntu/workspace/blog/curs21-php-API/index.php on line 20
[09-Mar-2017 17:26:05 UTC] PHP Stack trace:
[09-Mar-2017 17:26:05 UTC] PHP   1. {main}() /home/ubuntu/workspace/blog/curs21-php-API/index.php:0
[09-Mar-2017 17:26:05 UTC] PHP   2. array_key_exists() /home/ubuntu/workspace/blog/curs21-php-API/index.php:20
[09-Mar-2017 17:31:58 UTC] PHP Warning:  Illegal string offset '/articles' in /home/ubuntu/workspace/blog/curs21-php-API/index.php on line 17
[09-Mar-2017 17:31:58 UTC] PHP Stack trace:
[09-Mar-2017 17:31:58 UTC] PHP   1. {main}() /home/ubuntu/workspace/blog/curs21-php-API/index.php:0
[09-Mar-2017 17:31:58 UTC] PHP Notice:  Array to string conversion in /home/ubuntu/workspace/blog/curs21-php-API/index.php on line 17
[09-Mar-2017 17:31:58 UTC] PHP Stack trace:
[09-Mar-2017 17:31:58 UTC] PHP   1. {main}() /home/ubuntu/workspace/blog/curs21-php-API/index.php:0
[09-Mar-2017 17:31:58 UTC] PHP Warning:  Illegal string offset '/comments' in /home/ubuntu/workspace/blog/curs21-php-API/index.php on line 18
[09-Mar-2017 17:31:58 UTC] PHP Stack trace:
[09-Mar-2017 17:31:58 UTC] PHP   1. {main}() /home/ubuntu/workspace/blog/curs21-php-API/index.php:0
[09-Mar-2017 17:31:58 UTC] PHP Notice:  Array to string conversion in /home/ubuntu/workspace/blog/curs21-php-API/index.php on line 18
[09-Mar-2017 17:31:58 UTC] PHP Stack trace:
[09-Mar-2017 17:31:58 UTC] PHP   1. {main}() /home/ubuntu/workspace/blog/curs21-php-API/index.php:0
[09-Mar-2017 17:31:58 UTC] PHP Warning:  array_key_exists() expects parameter 2 to be array, string given in /home/ubuntu/workspace/blog/curs21-php-API/index.php on line 20
[09-Mar-2017 17:31:58 UTC] PHP Stack trace:
[09-Mar-2017 17:31:58 UTC] PHP   1. {main}() /home/ubuntu/workspace/blog/curs21-php-API/index.php:0
[09-Mar-2017 17:31:58 UTC] PHP   2. array_key_exists() /home/ubuntu/workspace/blog/curs21-php-API/index.php:20
[09-Mar-2017 17:32:32 UTC] PHP Notice:  Array to string conversion in /home/ubuntu/workspace/blog/curs21-php-API/index.php on line 17
[09-Mar-2017 17:32:32 UTC] PHP Stack trace:
[09-Mar-2017 17:32:32 UTC] PHP   1. {main}() /home/ubuntu/workspace/blog/curs21-php-API/index.php:0
[09-Mar-2017 17:32:32 UTC] PHP Warning:  Illegal string offset '/comments' in /home/ubuntu/workspace/blog/curs21-php-API/index.php on line 18
[09-Mar-2017 17:32:32 UTC] PHP Stack trace:
[09-Mar-2017 17:32:32 UTC] PHP   1. {main}() /home/ubuntu/workspace/blog/curs21-php-API/index.php:0
[09-Mar-2017 17:32:32 UTC] PHP Notice:  Array to string conversion in /home/ubuntu/workspace/blog/curs21-php-API/index.php on line 18
[09-Mar-2017 17:32:32 UTC] PHP Stack trace:
[09-Mar-2017 17:32:32 UTC] PHP   1. {main}() /home/ubuntu/workspace/blog/curs21-php-API/index.php:0
[09-Mar-2017 17:32:32 UTC] PHP Warning:  array_key_exists() expects parameter 2 to be array, string given in /home/ubuntu/workspace/blog/curs21-php-API/index.php on line 20
[09-Mar-2017 17:32:32 UTC] PHP Stack trace:
[09-Mar-2017 17:32:32 UTC] PHP   1. {main}() /home/ubuntu/workspace/blog/curs21-php-API/index.php:0
[09-Mar-2017 17:32:32 UTC] PHP   2. array_key_exists() /home/ubuntu/workspace/blog/curs21-php-API/index.php:20
[09-Mar-2017 17:36:34 UTC] PHP Notice:  Undefined index: REDIRECT_URL in /home/ubuntu/workspace/blog/curs21-php-API/index.php on line 19
[09-Mar-2017 17:36:34 UTC] PHP Stack trace:
[09-Mar-2017 17:36:34 UTC] PHP   1. {main}() /home/ubuntu/workspace/blog/curs21-php-API/index.php:0
[09-Mar-2017 17:36:51 UTC] PHP Notice:  Undefined index: REDIRECT_URL in /home/ubuntu/workspace/blog/curs21-php-API/index.php on line 19
[09-Mar-2017 17:36:51 UTC] PHP Stack trace:
[09-Mar-2017 17:36:51 UTC] PHP   1. {main}() /home/ubuntu/workspace/blog/curs21-php-API/index.php:0
[09-Mar-2017 17:54:00 UTC] PHP Notice:  Undefined index: par in /home/ubuntu/workspace/blog/curs21-php-API/index.php on line 20
[09-Mar-2017 17:54:00 UTC] PHP Stack trace:
[09-Mar-2017 17:54:00 UTC] PHP   1. {main}() /home/ubuntu/workspace/blog/curs21-php-API/index.php:0
[09-Mar-2017 17:54:46 UTC] PHP Notice:  Undefined index: par in /home/ubuntu/workspace/blog/curs21-php-API/index.php on line 20
[09-Mar-2017 17:54:46 UTC] PHP Stack trace:
[09-Mar-2017 17:54:46 UTC] PHP   1. {main}() /home/ubuntu/workspace/blog/curs21-php-API/index.php:0
[09-Mar-2017 17:58:15 UTC] PHP Parse error:  syntax error, unexpected '' (T_ENCAPSED_AND_WHITESPACE), expecting identifier (T_STRING) or variable (T_VARIABLE) or number (T_NUM_STRING) in /home/ubuntu/workspace/blog/curs21-php-API/index.php on line 21
[09-Mar-2017 18:05:07 UTC] PHP Notice:  Undefined index: par in /home/ubuntu/workspace/blog/curs21-php-API/index.php on line 21
[09-Mar-2017 18:05:07 UTC] PHP Stack trace:
[09-Mar-2017 18:05:07 UTC] PHP   1. {main}() /home/ubuntu/workspace/blog/curs21-php-API/index.php:0
[09-Mar-2017 18:05:10 UTC] PHP Notice:  Undefined index: par in /home/ubuntu/workspace/blog/curs21-php-API/index.php on line 21
[09-Mar-2017 18:05:10 UTC] PHP Stack trace:
[09-Mar-2017 18:05:10 UTC] PHP   1. {main}() /home/ubuntu/workspace/blog/curs21-php-API/index.php:0
[09-Mar-2017 18:24:13 UTC] PHP Fatal error:  Class 'Articles' not found in /home/ubuntu/workspace/blog/curs21-php-API/index.php on line 34
[09-Mar-2017 18:24:13 UTC] PHP Stack trace:
[09-Mar-2017 18:24:13 UTC] PHP   1. {main}() /home/ubuntu/workspace/blog/curs21-php-API/index.php:0
[09-Mar-2017 18:24:44 UTC] PHP Fatal error:  Call to undefined method Articles::insertItem() in /home/ubuntu/workspace/blog/curs21-php-API/index.php on line 36
[09-Mar-2017 18:24:44 UTC] PHP Stack trace:
[09-Mar-2017 18:24:44 UTC] PHP   1. {main}() /home/ubuntu/workspace/blog/curs21-php-API/index.php:0
[09-Mar-2017 18:28:17 UTC] PHP Notice:  Undefined index: title in /home/ubuntu/workspace/blog/curs21-php-API/app/controllers/Articles.php on line 15
[09-Mar-2017 18:28:17 UTC] PHP Stack trace:
[09-Mar-2017 18:28:17 UTC] PHP   1. {main}() /home/ubuntu/workspace/blog/curs21-php-API/index.php:0
[09-Mar-2017 18:28:17 UTC] PHP   2. Articles->createItem() /home/ubuntu/workspace/blog/curs21-php-API/index.php:36
[09-Mar-2017 18:29:14 UTC] PHP Notice:  Undefined index: title in /home/ubuntu/workspace/blog/curs21-php-API/index.php on line 34
[09-Mar-2017 18:29:14 UTC] PHP Stack trace:
[09-Mar-2017 18:29:14 UTC] PHP   1. {main}() /home/ubuntu/workspace/blog/curs21-php-API/index.php:0
[09-Mar-2017 18:29:14 UTC] PHP Notice:  Undefined index: title in /home/ubuntu/workspace/blog/curs21-php-API/app/controllers/Articles.php on line 15
[09-Mar-2017 18:29:14 UTC] PHP Stack trace:
[09-Mar-2017 18:29:14 UTC] PHP   1. {main}() /home/ubuntu/workspace/blog/curs21-php-API/index.php:0
[09-Mar-2017 18:29:14 UTC] PHP   2. Articles->createItem() /home/ubuntu/workspace/blog/curs21-php-API/index.php:37
[09-Mar-2017 18:29:41 UTC] PHP Notice:  Undefined index: title in /home/ubuntu/workspace/blog/curs21-php-API/index.php on line 34
[09-Mar-2017 18:29:41 UTC] PHP Stack trace:
[09-Mar-2017 18:29:41 UTC] PHP   1. {main}() /home/ubuntu/workspace/blog/curs21-php-API/index.php:0
[09-Mar-2017 18:29:41 UTC] PHP Notice:  Undefined index: title in /home/ubuntu/workspace/blog/curs21-php-API/app/controllers/Articles.php on line 15
[09-Mar-2017 18:29:41 UTC] PHP Stack trace:
[09-Mar-2017 18:29:41 UTC] PHP   1. {main}() /home/ubuntu/workspace/blog/curs21-php-API/index.php:0
[09-Mar-2017 18:29:41 UTC] PHP   2. Articles->createItem() /home/ubuntu/workspace/blog/curs21-php-API/index.php:37
[09-Mar-2017 18:29:50 UTC] PHP Notice:  Array to string conversion in /home/ubuntu/workspace/blog/curs21-php-API/index.php on line 34
[09-Mar-2017 18:29:50 UTC] PHP Stack trace:
[09-Mar-2017 18:29:50 UTC] PHP   1. {main}() /home/ubuntu/workspace/blog/curs21-php-API/index.php:0
[09-Mar-2017 18:29:50 UTC] PHP Notice:  Undefined index: title in /home/ubuntu/workspace/blog/curs21-php-API/app/controllers/Articles.php on line 15
[09-Mar-2017 18:29:50 UTC] PHP Stack trace:
[09-Mar-2017 18:29:50 UTC] PHP   1. {main}() /home/ubuntu/workspace/blog/curs21-php-API/index.php:0
[09-Mar-2017 18:29:50 UTC] PHP   2. Articles->createItem() /home/ubuntu/workspace/blog/curs21-php-API/index.php:37
[09-Mar-2017 18:30:09 UTC] PHP Notice:  Undefined index: title in /home/ubuntu/workspace/blog/curs21-php-API/app/controllers/Articles.php on line 15
[09-Mar-2017 18:30:09 UTC] PHP Stack trace:
[09-Mar-2017 18:30:09 UTC] PHP   1. {main}() /home/ubuntu/workspace/blog/curs21-php-API/index.php:0
[09-Mar-2017 18:30:09 UTC] PHP   2. Articles->createItem() /home/ubuntu/workspace/blog/curs21-php-API/index.php:37
[09-Mar-2017 18:41:31 UTC] PHP Notice:  Undefined variable: stmt in /home/ubuntu/workspace/blog/curs21-php-API/app/models/ArticlesModel.php on line 25
[09-Mar-2017 18:41:31 UTC] PHP Stack trace:
[09-Mar-2017 18:41:31 UTC] PHP   1. {main}() /home/ubuntu/workspace/blog/curs21-php-API/index.php:0
[09-Mar-2017 18:41:31 UTC] PHP   2. Articles->createItem() /home/ubuntu/workspace/blog/curs21-php-API/index.php:37
[09-Mar-2017 18:41:31 UTC] PHP   3. ArticlesModel->insertItem() /home/ubuntu/workspace/blog/curs21-php-API/app/controllers/Articles.php:27
[09-Mar-2017 18:41:31 UTC] PHP Fatal error:  Call to a member function execute() on a non-object in /home/ubuntu/workspace/blog/curs21-php-API/app/models/ArticlesModel.php on line 25
[09-Mar-2017 18:41:31 UTC] PHP Stack trace:
[09-Mar-2017 18:41:31 UTC] PHP   1. {main}() /home/ubuntu/workspace/blog/curs21-php-API/index.php:0
[09-Mar-2017 18:41:31 UTC] PHP   2. Articles->createItem() /home/ubuntu/workspace/blog/curs21-php-API/index.php:37
[09-Mar-2017 18:41:31 UTC] PHP   3. ArticlesModel->insertItem() /home/ubuntu/workspace/blog/curs21-php-API/app/controllers/Articles.php:27
[09-Mar-2017 18:42:28 UTC] PHP Notice:  Undefined variable: stmt in /home/ubuntu/workspace/blog/curs21-php-API/app/models/ArticlesModel.php on line 25
[09-Mar-2017 18:42:28 UTC] PHP Stack trace:
[09-Mar-2017 18:42:28 UTC] PHP   1. {main}() /home/ubuntu/workspace/blog/curs21-php-API/index.php:0
[09-Mar-2017 18:42:28 UTC] PHP   2. Articles->createItem() /home/ubuntu/workspace/blog/curs21-php-API/index.php:37
[09-Mar-2017 18:42:28 UTC] PHP   3. ArticlesModel->insertItem() /home/ubuntu/workspace/blog/curs21-php-API/app/controllers/Articles.php:27
[09-Mar-2017 18:42:28 UTC] PHP Fatal error:  Call to a member function execute() on a non-object in /home/ubuntu/workspace/blog/curs21-php-API/app/models/ArticlesModel.php on line 25
[09-Mar-2017 18:42:28 UTC] PHP Stack trace:
[09-Mar-2017 18:42:28 UTC] PHP   1. {main}() /home/ubuntu/workspace/blog/curs21-php-API/index.php:0
[09-Mar-2017 18:42:28 UTC] PHP   2. Articles->createItem() /home/ubuntu/workspace/blog/curs21-php-API/index.php:37
[09-Mar-2017 18:42:28 UTC] PHP   3. ArticlesModel->insertItem() /home/ubuntu/workspace/blog/curs21-php-API/app/controllers/Articles.php:27
[13-Mar-2017 16:46:36 UTC] PHP Notice:  Undefined index: REDIRECT_URL in /home/ubuntu/workspace/blog/curs21-php-API/index.php on line 13
[13-Mar-2017 16:46:36 UTC] PHP Stack trace:
[13-Mar-2017 16:46:36 UTC] PHP   1. {main}() /home/ubuntu/workspace/blog/curs21-php-API/index.php:0
[13-Mar-2017 16:48:39 UTC] PHP Notice:  Undefined index: REDIRECT_URL in /home/ubuntu/workspace/blog/curs21-php-API/index.php on line 13
[13-Mar-2017 16:48:39 UTC] PHP Stack trace:
[13-Mar-2017 16:48:39 UTC] PHP   1. {main}() /home/ubuntu/workspace/blog/curs21-php-API/index.php:0
[13-Mar-2017 16:49:18 UTC] PHP Notice:  Undefined index: REDIRECT_URL in /home/ubuntu/workspace/blog/curs21-php-API/index.php on line 13
[13-Mar-2017 16:49:18 UTC] PHP Stack trace:
[13-Mar-2017 16:49:18 UTC] PHP   1. {main}() /home/ubuntu/workspace/blog/curs21-php-API/index.php:0
[13-Mar-2017 16:49:35 UTC] PHP Notice:  Undefined index: REDIRECT_URL in /home/ubuntu/workspace/blog/curs21-php-API/index.php on line 13
[13-Mar-2017 16:49:35 UTC] PHP Stack trace:
[13-Mar-2017 16:49:35 UTC] PHP   1. {main}() /home/ubuntu/workspace/blog/curs21-php-API/index.php:0
[13-Mar-2017 16:52:32 UTC] PHP Parse error:  syntax error, unexpected 'const' (T_CONST) in /home/ubuntu/workspace/blog/curs21-php-API/index.php on line 16
[13-Mar-2017 16:59:53 UTC] PHP Parse error:  syntax error, unexpected 'const' (T_CONST) in /home/ubuntu/workspace/blog/curs21-php-API/index.php on line 16
[13-Mar-2017 17:19:03 UTC] PHP Notice:  Undefined variable: routes in /home/ubuntu/workspace/blog/curs21-php-API/index.php on line 14
[13-Mar-2017 17:19:03 UTC] PHP Stack trace:
[13-Mar-2017 17:19:03 UTC] PHP   1. {main}() /home/ubuntu/workspace/blog/curs21-php-API/index.php:0
[13-Mar-2017 17:19:03 UTC] PHP Warning:  array_key_exists() expects parameter 2 to be array, null given in /home/ubuntu/workspace/blog/curs21-php-API/index.php on line 14
[13-Mar-2017 17:19:03 UTC] PHP Stack trace:
[13-Mar-2017 17:19:03 UTC] PHP   1. {main}() /home/ubuntu/workspace/blog/curs21-php-API/index.php:0
[13-Mar-2017 17:19:03 UTC] PHP   2. array_key_exists() /home/ubuntu/workspace/blog/curs21-php-API/index.php:14
[13-Mar-2017 17:19:07 UTC] PHP Notice:  Undefined variable: routes in /home/ubuntu/workspace/blog/curs21-php-API/index.php on line 14
[13-Mar-2017 17:19:07 UTC] PHP Stack trace:
[13-Mar-2017 17:19:07 UTC] PHP   1. {main}() /home/ubuntu/workspace/blog/curs21-php-API/index.php:0
[13-Mar-2017 17:19:07 UTC] PHP Warning:  array_key_exists() expects parameter 2 to be array, null given in /home/ubuntu/workspace/blog/curs21-php-API/index.php on line 14
[13-Mar-2017 17:19:07 UTC] PHP Stack trace:
[13-Mar-2017 17:19:07 UTC] PHP   1. {main}() /home/ubuntu/workspace/blog/curs21-php-API/index.php:0
[13-Mar-2017 17:19:07 UTC] PHP   2. array_key_exists() /home/ubuntu/workspace/blog/curs21-php-API/index.php:14
[13-Mar-2017 17:19:42 UTC] PHP Notice:  Undefined variable: routes in /home/ubuntu/workspace/blog/curs21-php-API/index.php on line 14
[13-Mar-2017 17:19:42 UTC] PHP Stack trace:
[13-Mar-2017 17:19:42 UTC] PHP   1. {main}() /home/ubuntu/workspace/blog/curs21-php-API/index.php:0
[13-Mar-2017 17:19:42 UTC] PHP Warning:  array_key_exists() expects parameter 2 to be array, null given in /home/ubuntu/workspace/blog/curs21-php-API/index.php on line 14
[13-Mar-2017 17:19:42 UTC] PHP Stack trace:
[13-Mar-2017 17:19:42 UTC] PHP   1. {main}() /home/ubuntu/workspace/blog/curs21-php-API/index.php:0
[13-Mar-2017 17:19:42 UTC] PHP   2. array_key_exists() /home/ubuntu/workspace/blog/curs21-php-API/index.php:14
[13-Mar-2017 17:20:03 UTC] PHP Notice:  Undefined variable: routes in /home/ubuntu/workspace/blog/curs21-php-API/index.php on line 14
[13-Mar-2017 17:20:03 UTC] PHP Stack trace:
[13-Mar-2017 17:20:03 UTC] PHP   1. {main}() /home/ubuntu/workspace/blog/curs21-php-API/index.php:0
[13-Mar-2017 17:20:03 UTC] PHP Warning:  array_key_exists() expects parameter 2 to be array, null given in /home/ubuntu/workspace/blog/curs21-php-API/index.php on line 14
[13-Mar-2017 17:20:03 UTC] PHP Stack trace:
[13-Mar-2017 17:20:03 UTC] PHP   1. {main}() /home/ubuntu/workspace/blog/curs21-php-API/index.php:0
[13-Mar-2017 17:20:03 UTC] PHP   2. array_key_exists() /home/ubuntu/workspace/blog/curs21-php-API/index.php:14
[13-Mar-2017 17:20:07 UTC] PHP Notice:  Undefined variable: routes in /home/ubuntu/workspace/blog/curs21-php-API/index.php on line 14
[13-Mar-2017 17:20:07 UTC] PHP Stack trace:
[13-Mar-2017 17:20:07 UTC] PHP   1. {main}() /home/ubuntu/workspace/blog/curs21-php-API/index.php:0
[13-Mar-2017 17:20:07 UTC] PHP Warning:  array_key_exists() expects parameter 2 to be array, null given in /home/ubuntu/workspace/blog/curs21-php-API/index.php on line 14
[13-Mar-2017 17:20:07 UTC] PHP Stack trace:
[13-Mar-2017 17:20:07 UTC] PHP   1. {main}() /home/ubuntu/workspace/blog/curs21-php-API/index.php:0
[13-Mar-2017 17:20:07 UTC] PHP   2. array_key_exists() /home/ubuntu/workspace/blog/curs21-php-API/index.php:14
[13-Mar-2017 17:22:30 UTC] PHP Notice:  Undefined variable: routes in /home/ubuntu/workspace/blog/curs21-php-API/index.php on line 14
[13-Mar-2017 17:22:30 UTC] PHP Stack trace:
[13-Mar-2017 17:22:30 UTC] PHP   1. {main}() /home/ubuntu/workspace/blog/curs21-php-API/index.php:0
[13-Mar-2017 17:22:30 UTC] PHP Warning:  array_key_exists() expects parameter 2 to be array, null given in /home/ubuntu/workspace/blog/curs21-php-API/index.php on line 14
[13-Mar-2017 17:22:30 UTC] PHP Stack trace:
[13-Mar-2017 17:22:30 UTC] PHP   1. {main}() /home/ubuntu/workspace/blog/curs21-php-API/index.php:0
[13-Mar-2017 17:22:30 UTC] PHP   2. array_key_exists() /home/ubuntu/workspace/blog/curs21-php-API/index.php:14
[13-Mar-2017 17:22:54 UTC] PHP Notice:  Undefined variable: routes in /home/ubuntu/workspace/blog/curs21-php-API/index.php on line 14
[13-Mar-2017 17:22:54 UTC] PHP Stack trace:
[13-Mar-2017 17:22:54 UTC] PHP   1. {main}() /home/ubuntu/workspace/blog/curs21-php-API/index.php:0
[13-Mar-2017 17:22:54 UTC] PHP Warning:  array_key_exists() expects parameter 2 to be array, null given in /home/ubuntu/workspace/blog/curs21-php-API/index.php on line 14
[13-Mar-2017 17:22:54 UTC] PHP Stack trace:
[13-Mar-2017 17:22:54 UTC] PHP   1. {main}() /home/ubuntu/workspace/blog/curs21-php-API/index.php:0
[13-Mar-2017 17:22:54 UTC] PHP   2. array_key_exists() /home/ubuntu/workspace/blog/curs21-php-API/index.php:14
[27-Mar-2017 15:54:23 UTC] PHP Notice:  Undefined index: count in /home/ubuntu/workspace/blog/curs12-php-Session/index.php on line 25
[27-Mar-2017 15:54:23 UTC] PHP Stack trace:
[27-Mar-2017 15:54:23 UTC] PHP   1. {main}() /home/ubuntu/workspace/blog/curs12-php-Session/index.php:0
[27-Mar-2017 15:59:52 UTC] PHP Notice:  Undefined index: count in /home/ubuntu/workspace/blog/curs12-php-Session/index.php on line 20
[27-Mar-2017 15:59:52 UTC] PHP Stack trace:
[27-Mar-2017 15:59:52 UTC] PHP   1. {main}() /home/ubuntu/workspace/blog/curs12-php-Session/index.php:0
[27-Mar-2017 16:02:12 UTC] PHP Notice:  Undefined index: count in /home/ubuntu/workspace/blog/curs12-php-Session/index.php on line 20
[27-Mar-2017 16:02:12 UTC] PHP Stack trace:
[27-Mar-2017 16:02:12 UTC] PHP   1. {main}() /home/ubuntu/workspace/blog/curs12-php-Session/index.php:0
[27-Mar-2017 16:05:15 UTC] PHP Notice:  Undefined index: count in /home/ubuntu/workspace/blog/curs12-php-Session/index.php on line 20
[27-Mar-2017 16:05:15 UTC] PHP Stack trace:
[27-Mar-2017 16:05:15 UTC] PHP   1. {main}() /home/ubuntu/workspace/blog/curs12-php-Session/index.php:0
