[06-Mar-2017 17:28:07 UTC] PHP Warning:  require(app/controllers/Articles.php): failed to open stream: No such file or directory in /home/ubuntu/workspace/blog/curs21-php-API/app/index.php on line 3
[06-Mar-2017 17:28:07 UTC] PHP Stack trace:
[06-Mar-2017 17:28:07 UTC] PHP   1. {main}() /home/ubuntu/workspace/blog/curs21-php-API/app/index.php:0
[06-Mar-2017 17:28:07 UTC] PHP Fatal error:  require(): Failed opening required 'app/controllers/Articles.php' (include_path='.:/usr/share/php:/usr/share/pear') in /home/ubuntu/workspace/blog/curs21-php-API/app/index.php on line 3
[06-Mar-2017 17:28:07 UTC] PHP Stack trace:
[06-Mar-2017 17:28:07 UTC] PHP   1. {main}() /home/ubuntu/workspace/blog/curs21-php-API/app/index.php:0
[06-Mar-2017 17:31:14 UTC] PHP Warning:  require(app/controllers/Articles.php): failed to open stream: No such file or directory in /home/ubuntu/workspace/blog/curs21-php-API/app/index.php on line 3
[06-Mar-2017 17:31:14 UTC] PHP Stack trace:
[06-Mar-2017 17:31:14 UTC] PHP   1. {main}() /home/ubuntu/workspace/blog/curs21-php-API/app/index.php:0
[06-Mar-2017 17:31:14 UTC] PHP Fatal error:  require(): Failed opening required 'app/controllers/Articles.php' (include_path='.:/usr/share/php:/usr/share/pear') in /home/ubuntu/workspace/blog/curs21-php-API/app/index.php on line 3
[06-Mar-2017 17:31:14 UTC] PHP Stack trace:
[06-Mar-2017 17:31:14 UTC] PHP   1. {main}() /home/ubuntu/workspace/blog/curs21-php-API/app/index.php:0
[06-Mar-2017 17:31:15 UTC] PHP Warning:  require(app/controllers/Articles.php): failed to open stream: No such file or directory in /home/ubuntu/workspace/blog/curs21-php-API/app/index.php on line 3
[06-Mar-2017 17:31:15 UTC] PHP Stack trace:
[06-Mar-2017 17:31:15 UTC] PHP   1. {main}() /home/ubuntu/workspace/blog/curs21-php-API/app/index.php:0
[06-Mar-2017 17:31:15 UTC] PHP Fatal error:  require(): Failed opening required 'app/controllers/Articles.php' (include_path='.:/usr/share/php:/usr/share/pear') in /home/ubuntu/workspace/blog/curs21-php-API/app/index.php on line 3
[06-Mar-2017 17:31:15 UTC] PHP Stack trace:
[06-Mar-2017 17:31:15 UTC] PHP   1. {main}() /home/ubuntu/workspace/blog/curs21-php-API/app/index.php:0
[06-Mar-2017 17:31:16 UTC] PHP Warning:  require(app/controllers/Articles.php): failed to open stream: No such file or directory in /home/ubuntu/workspace/blog/curs21-php-API/app/index.php on line 3
[06-Mar-2017 17:31:16 UTC] PHP Stack trace:
[06-Mar-2017 17:31:16 UTC] PHP   1. {main}() /home/ubuntu/workspace/blog/curs21-php-API/app/index.php:0
[06-Mar-2017 17:31:16 UTC] PHP Fatal error:  require(): Failed opening required 'app/controllers/Articles.php' (include_path='.:/usr/share/php:/usr/share/pear') in /home/ubuntu/workspace/blog/curs21-php-API/app/index.php on line 3
[06-Mar-2017 17:31:16 UTC] PHP Stack trace:
[06-Mar-2017 17:31:16 UTC] PHP   1. {main}() /home/ubuntu/workspace/blog/curs21-php-API/app/index.php:0
[06-Mar-2017 17:31:17 UTC] PHP Warning:  require(app/controllers/Articles.php): failed to open stream: No such file or directory in /home/ubuntu/workspace/blog/curs21-php-API/app/index.php on line 3
[06-Mar-2017 17:31:17 UTC] PHP Stack trace:
[06-Mar-2017 17:31:17 UTC] PHP   1. {main}() /home/ubuntu/workspace/blog/curs21-php-API/app/index.php:0
[06-Mar-2017 17:31:17 UTC] PHP Fatal error:  require(): Failed opening required 'app/controllers/Articles.php' (include_path='.:/usr/share/php:/usr/share/pear') in /home/ubuntu/workspace/blog/curs21-php-API/app/index.php on line 3
[06-Mar-2017 17:31:17 UTC] PHP Stack trace:
[06-Mar-2017 17:31:17 UTC] PHP   1. {main}() /home/ubuntu/workspace/blog/curs21-php-API/app/index.php:0
[06-Mar-2017 17:32:23 UTC] PHP Warning:  require(app/configs/configs.php): failed to open stream: No such file or directory in /home/ubuntu/workspace/blog/curs21-php-API/app/index.php on line 2
[06-Mar-2017 17:32:23 UTC] PHP Stack trace:
[06-Mar-2017 17:32:23 UTC] PHP   1. {main}() /home/ubuntu/workspace/blog/curs21-php-API/app/index.php:0
[06-Mar-2017 17:32:23 UTC] PHP Fatal error:  require(): Failed opening required 'app/configs/configs.php' (include_path='.:/usr/share/php:/usr/share/pear') in /home/ubuntu/workspace/blog/curs21-php-API/app/index.php on line 2
[06-Mar-2017 17:32:23 UTC] PHP Stack trace:
[06-Mar-2017 17:32:23 UTC] PHP   1. {main}() /home/ubuntu/workspace/blog/curs21-php-API/app/index.php:0
[06-Mar-2017 17:34:31 UTC] PHP Warning:  require(app/configs/configs.php): failed to open stream: No such file or directory in /home/ubuntu/workspace/blog/curs21-php-API/app/index.php on line 2
[06-Mar-2017 17:34:31 UTC] PHP Stack trace:
[06-Mar-2017 17:34:31 UTC] PHP   1. {main}() /home/ubuntu/workspace/blog/curs21-php-API/app/index.php:0
[06-Mar-2017 17:34:31 UTC] PHP Fatal error:  require(): Failed opening required 'app/configs/configs.php' (include_path='.:/usr/share/php:/usr/share/pear') in /home/ubuntu/workspace/blog/curs21-php-API/app/index.php on line 2
[06-Mar-2017 17:34:31 UTC] PHP Stack trace:
[06-Mar-2017 17:34:31 UTC] PHP   1. {main}() /home/ubuntu/workspace/blog/curs21-php-API/app/index.php:0
[06-Mar-2017 17:36:34 UTC] PHP Warning:  require(app/configs/config.php): failed to open stream: No such file or directory in /home/ubuntu/workspace/blog/curs21-php-API/app/index.php on line 2
[06-Mar-2017 17:36:34 UTC] PHP Stack trace:
[06-Mar-2017 17:36:34 UTC] PHP   1. {main}() /home/ubuntu/workspace/blog/curs21-php-API/app/index.php:0
[06-Mar-2017 17:36:34 UTC] PHP Fatal error:  require(): Failed opening required 'app/configs/config.php' (include_path='.:/usr/share/php:/usr/share/pear') in /home/ubuntu/workspace/blog/curs21-php-API/app/index.php on line 2
[06-Mar-2017 17:36:34 UTC] PHP Stack trace:
[06-Mar-2017 17:36:34 UTC] PHP   1. {main}() /home/ubuntu/workspace/blog/curs21-php-API/app/index.php:0
[06-Mar-2017 17:37:16 UTC] PHP Warning:  require(app/configs/config.php): failed to open stream: No such file or directory in /home/ubuntu/workspace/blog/curs21-php-API/app/index.php on line 2
[06-Mar-2017 17:37:16 UTC] PHP Stack trace:
[06-Mar-2017 17:37:16 UTC] PHP   1. {main}() /home/ubuntu/workspace/blog/curs21-php-API/app/index.php:0
[06-Mar-2017 17:37:16 UTC] PHP Fatal error:  require(): Failed opening required 'app/configs/config.php' (include_path='.:/usr/share/php:/usr/share/pear') in /home/ubuntu/workspace/blog/curs21-php-API/app/index.php on line 2
[06-Mar-2017 17:37:16 UTC] PHP Stack trace:
[06-Mar-2017 17:37:16 UTC] PHP   1. {main}() /home/ubuntu/workspace/blog/curs21-php-API/app/index.php:0
[06-Mar-2017 17:39:03 UTC] PHP Warning:  require(app/configs/config.php): failed to open stream: No such file or directory in /home/ubuntu/workspace/blog/curs21-php-API/app/index.php on line 2
[06-Mar-2017 17:39:03 UTC] PHP Stack trace:
[06-Mar-2017 17:39:03 UTC] PHP   1. {main}() /home/ubuntu/workspace/blog/curs21-php-API/app/index.php:0
[06-Mar-2017 17:39:03 UTC] PHP Fatal error:  require(): Failed opening required 'app/configs/config.php' (include_path='.:/usr/share/php:/usr/share/pear') in /home/ubuntu/workspace/blog/curs21-php-API/app/index.php on line 2
[06-Mar-2017 17:39:03 UTC] PHP Stack trace:
[06-Mar-2017 17:39:03 UTC] PHP   1. {main}() /home/ubuntu/workspace/blog/curs21-php-API/app/index.php:0
